<?xml version="1.0" encoding="UTF-8"?>
<testsuite name="Tests" tests="1" skipped="0" failures="0" errors="0" timestamp="2021-07-10T08:32:01" hostname="DESKTOP-F3JG55B" time="0.014">
  <properties/>
  <testcase name="testConstructor()" classname="Tests" time="0.014"/>
  <system-out><![CDATA[]]></system-out>
  <system-err><![CDATA[]]></system-err>
</testsuite>
