<?xml version="1.0" encoding="UTF-8"?>
<testsuite name="com.kovko.translator.TranslatorTest" tests="4" skipped="0" failures="0" errors="0" timestamp="2021-07-11T12:25:02" hostname="DESKTOP-F3JG55B" time="0.074">
  <properties/>
  <testcase name="[1] table, Ń�Ń‚ĐľĐ»" classname="com.kovko.translator.TranslatorTest" time="0.068"/>
  <testcase name="[2] money, Đ´ĐµĐ˝ŃŚĐłĐ¸" classname="com.kovko.translator.TranslatorTest" time="0.0"/>
  <testcase name="[3] computer, ĐşĐľĐĽĐżŃŚŃŽŃ‚ĐµŃ€" classname="com.kovko.translator.TranslatorTest" time="0.001"/>
  <testcase name="[4] road, Đ´ĐľŃ€ĐľĐłĐ°" classname="com.kovko.translator.TranslatorTest" time="0.0"/>
  <system-out><![CDATA[]]></system-out>
  <system-err><![CDATA[]]></system-err>
</testsuite>
