<?xml version="1.0" encoding="UTF-8"?>
<testsuite name="com.kovko.translator.TranslatorTest" tests="1" skipped="0" failures="0" errors="0" timestamp="2021-07-10T18:00:00" hostname="DESKTOP-F3JG55B" time="0.072">
  <properties/>
  <testcase name="testTranslatorCapacity()" classname="com.kovko.translator.TranslatorTest" time="0.072"/>
  <system-out><![CDATA[]]></system-out>
  <system-err><![CDATA[]]></system-err>
</testsuite>
